  Event.cpp
C:\Users\chris\OneDrive\Mathematical Modeling and Computing (MSc)\cpp_programs\Game programming studies\Sutherland\Chapter21\EventHandler.h(7,38): error C4430: missing type specifier - int assumed. Note: C++ does not support default-int
C:\Users\chris\OneDrive\Mathematical Modeling and Computing (MSc)\cpp_programs\Game programming studies\Sutherland\Chapter21\EventHandler.h(7,38): error C2143: syntax error: missing ',' before '*'
C:\Users\chris\OneDrive\Mathematical Modeling and Computing (MSc)\cpp_programs\Game programming studies\Sutherland\Chapter21\Event.cpp(6,30): error C2664: 'void EventHandler::HandleEvent(const int)': cannot convert argument 1 from 'Event *' to 'const int'
C:\Users\chris\OneDrive\Mathematical Modeling and Computing (MSc)\cpp_programs\Game programming studies\Sutherland\Chapter21\Event.cpp(6,26): message : There is no context in which this conversion is possible
C:\Users\chris\OneDrive\Mathematical Modeling and Computing (MSc)\cpp_programs\Game programming studies\Sutherland\Chapter21\EventHandler.h(7,15): message : see declaration of 'EventHandler::HandleEvent'
C:\Users\chris\OneDrive\Mathematical Modeling and Computing (MSc)\cpp_programs\Game programming studies\Sutherland\Chapter21\Event.cpp(17,29): error C2664: 'void EventHandler::HandleEvent(const int)': cannot convert argument 1 from 'Event *' to 'const int'
C:\Users\chris\OneDrive\Mathematical Modeling and Computing (MSc)\cpp_programs\Game programming studies\Sutherland\Chapter21\Event.cpp(17,25): message : There is no context in which this conversion is possible
C:\Users\chris\OneDrive\Mathematical Modeling and Computing (MSc)\cpp_programs\Game programming studies\Sutherland\Chapter21\EventHandler.h(7,15): message : see declaration of 'EventHandler::HandleEvent'
  Game.cpp
C:\Users\chris\OneDrive\Mathematical Modeling and Computing (MSc)\cpp_programs\Game programming studies\Sutherland\Chapter21\Game.h(17,1): error C2504: 'EventHandler': base class undefined
C:\Users\chris\OneDrive\Mathematical Modeling and Computing (MSc)\cpp_programs\Game programming studies\Sutherland\Chapter21\Game.h(52,38): error C4430: missing type specifier - int assumed. Note: C++ does not support default-int
C:\Users\chris\OneDrive\Mathematical Modeling and Computing (MSc)\cpp_programs\Game programming studies\Sutherland\Chapter21\Game.h(52,38): error C2143: syntax error: missing ',' before '*'
C:\Users\chris\OneDrive\Mathematical Modeling and Computing (MSc)\cpp_programs\Game programming studies\Sutherland\Chapter21\EventHandler.h(7,38): error C4430: missing type specifier - int assumed. Note: C++ does not support default-int
C:\Users\chris\OneDrive\Mathematical Modeling and Computing (MSc)\cpp_programs\Game programming studies\Sutherland\Chapter21\EventHandler.h(7,38): error C2143: syntax error: missing ',' before '*'
C:\Users\chris\OneDrive\Mathematical Modeling and Computing (MSc)\cpp_programs\Game programming studies\Sutherland\Chapter21\EventManager.h(141,6): error C3861: 'pEvenetManager': identifier not found
C:\Users\chris\OneDrive\Mathematical Modeling and Computing (MSc)\cpp_programs\Game programming studies\Sutherland\Chapter21\EventManager.h(12,14): message : This diagnostic occurred in the compiler generated function 'void SendEventToHandler(EventID,T *)'
C:\Users\chris\OneDrive\Mathematical Modeling and Computing (MSc)\cpp_programs\Game programming studies\Sutherland\Chapter21\Game.cpp(157,45): error C2511: 'void Game::HandleEvent(const Event *)': overloaded member function not found in 'Game'
C:\Users\chris\OneDrive\Mathematical Modeling and Computing (MSc)\cpp_programs\Game programming studies\Sutherland\Chapter21\Game.h(16): message : see declaration of 'Game'
C:\Users\chris\OneDrive\Mathematical Modeling and Computing (MSc)\cpp_programs\Game programming studies\Sutherland\Chapter21\Game.cpp(159,3): error C2597: illegal reference to non-static member 'Game::m_playerQuit'
C:\Users\chris\OneDrive\Mathematical Modeling and Computing (MSc)\cpp_programs\Game programming studies\Sutherland\Chapter21\Game.h(40): message : see declaration of 'Game::m_playerQuit'
  QuitOption.cpp
C:\Program Files\Microsoft Visual Studio\2022\Community\VC\Tools\MSVC\14.31.31103\include\vector(488,12): error C2760: syntax error: 'const' was unexpected here; expected '('
C:\Program Files\Microsoft Visual Studio\2022\Community\VC\Tools\MSVC\14.31.31103\include\vector(483,5): message : This diagnostic occurred in the compiler generated function 'std::vector<_Ty,_Alloc>::vector(_Iter,_Iter,const _Alloc &)'
C:\Program Files\Microsoft Visual Studio\2022\Community\VC\Tools\MSVC\14.31.31103\include\vector(1754): message : see reference to class template instantiation 'std::vector<_Ty,_Alloc>' being compiled
C:\Program Files\Microsoft Visual Studio\2022\Community\VC\Tools\MSVC\14.31.31103\include\vector(488,12): error C2760: syntax error: 'const' was unexpected here; expected 'expression'
C:\Program Files\Microsoft Visual Studio\2022\Community\VC\Tools\MSVC\14.31.31103\include\vector(483,5): message : This diagnostic occurred in the compiler generated function 'std::vector<_Ty,_Alloc>::vector(_Iter,_Iter,const _Alloc &)'
C:\Program Files\Microsoft Visual Studio\2022\Community\VC\Tools\MSVC\14.31.31103\include\vector(488,12): message : error recovery skipped: 'const'
C:\Program Files\Microsoft Visual Studio\2022\Community\VC\Tools\MSVC\14.31.31103\include\vector(483,5): message : This diagnostic occurred in the compiler generated function 'std::vector<_Ty,_Alloc>::vector(_Iter,_Iter,const _Alloc &)'
C:\Program Files\Microsoft Visual Studio\2022\Community\VC\Tools\MSVC\14.31.31103\include\vector(489,13): error C2760: syntax error: 'const' was unexpected here; expected '}'
C:\Program Files\Microsoft Visual Studio\2022\Community\VC\Tools\MSVC\14.31.31103\include\vector(483,5): message : This diagnostic occurred in the compiler generated function 'std::vector<_Ty,_Alloc>::vector(_Iter,_Iter,const _Alloc &)'
C:\Program Files\Microsoft Visual Studio\2022\Community\VC\Tools\MSVC\14.31.31103\include\vector(488,46): error C2760: syntax error: '{' was unexpected here; expected 'expression'
C:\Program Files\Microsoft Visual Studio\2022\Community\VC\Tools\MSVC\14.31.31103\include\vector(483,5): message : This diagnostic occurred in the compiler generated function 'std::vector<_Ty,_Alloc>::vector(_Iter,_Iter,const _Alloc &)'
C:\Program Files\Microsoft Visual Studio\2022\Community\VC\Tools\MSVC\14.31.31103\include\vector(489,19): error C3878: syntax error: unexpected token 'auto' following 'expression'
C:\Program Files\Microsoft Visual Studio\2022\Community\VC\Tools\MSVC\14.31.31103\include\vector(483,5): message : This diagnostic occurred in the compiler generated function 'std::vector<_Ty,_Alloc>::vector(_Iter,_Iter,const _Alloc &)'
C:\Program Files\Microsoft Visual Studio\2022\Community\VC\Tools\MSVC\14.31.31103\include\vector(489,19): message : error recovery skipped: 'auto identifier =  . . . identifier'
C:\Program Files\Microsoft Visual Studio\2022\Community\VC\Tools\MSVC\14.31.31103\include\vector(483,5): message : This diagnostic occurred in the compiler generated function 'std::vector<_Ty,_Alloc>::vector(_Iter,_Iter,const _Alloc &)'
C:\Program Files\Microsoft Visual Studio\2022\Community\VC\Tools\MSVC\14.31.31103\include\vector(489,99): message : parsing resumes here
C:\Program Files\Microsoft Visual Studio\2022\Community\VC\Tools\MSVC\14.31.31103\include\vector(483,5): message : This diagnostic occurred in the compiler generated function 'std::vector<_Ty,_Alloc>::vector(_Iter,_Iter,const _Alloc &)'
C:\Program Files\Microsoft Visual Studio\2022\Community\VC\Tools\MSVC\14.31.31103\include\vector(489,99): error C3878: syntax error: unexpected token ',' following 'condition'
C:\Program Files\Microsoft Visual Studio\2022\Community\VC\Tools\MSVC\14.31.31103\include\vector(489,99): message : missing one of:  ')' ';' ?
C:\Program Files\Microsoft Visual Studio\2022\Community\VC\Tools\MSVC\14.31.31103\include\vector(483,5): message : This diagnostic occurred in the compiler generated function 'std::vector<_Ty,_Alloc>::vector(_Iter,_Iter,const _Alloc &)'
C:\Program Files\Microsoft Visual Studio\2022\Community\VC\Tools\MSVC\14.31.31103\include\vector(489,99): message : error recovery skipped: ', identifier'
C:\Program Files\Microsoft Visual Studio\2022\Community\VC\Tools\MSVC\14.31.31103\include\vector(483,5): message : This diagnostic occurred in the compiler generated function 'std::vector<_Ty,_Alloc>::vector(_Iter,_Iter,const _Alloc &)'
C:\Program Files\Microsoft Visual Studio\2022\Community\VC\Tools\MSVC\14.31.31103\include\vector(489,108): error C2760: syntax error: ')' was unexpected here; expected 'statement'
C:\Program Files\Microsoft Visual Studio\2022\Community\VC\Tools\MSVC\14.31.31103\include\vector(483,5): message : This diagnostic occurred in the compiler generated function 'std::vector<_Ty,_Alloc>::vector(_Iter,_Iter,const _Alloc &)'
C:\Program Files\Microsoft Visual Studio\2022\Community\VC\Tools\MSVC\14.31.31103\include\vector(489,108): error C3878: syntax error: unexpected token ')' following 'selection_statement'
C:\Program Files\Microsoft Visual Studio\2022\Community\VC\Tools\MSVC\14.31.31103\include\vector(483,5): message : This diagnostic occurred in the compiler generated function 'std::vector<_Ty,_Alloc>::vector(_Iter,_Iter,const _Alloc &)'
C:\Program Files\Microsoft Visual Studio\2022\Community\VC\Tools\MSVC\14.31.31103\include\vector(489,108): message : error recovery skipped: ') )'
C:\Program Files\Microsoft Visual Studio\2022\Community\VC\Tools\MSVC\14.31.31103\include\vector(483,5): message : This diagnostic occurred in the compiler generated function 'std::vector<_Ty,_Alloc>::vector(_Iter,_Iter,const _Alloc &)'
C:\Program Files\Microsoft Visual Studio\2022\Community\VC\Tools\MSVC\14.31.31103\include\vector(542,12): error C2760: syntax error: 'const' was unexpected here; expected '('
C:\Program Files\Microsoft Visual Studio\2022\Community\VC\Tools\MSVC\14.31.31103\include\vector(542,12): error C2760: syntax error: 'const' was unexpected here; expected 'expression'
C:\Program Files\Microsoft Visual Studio\2022\Community\VC\Tools\MSVC\14.31.31103\include\vector(542,12): message : error recovery skipped: 'const'
C:\Program Files\Microsoft Visual Studio\2022\Community\VC\Tools\MSVC\14.31.31103\include\vector(543,13): error C2760: syntax error: 'if' was unexpected here; expected '}'
C:\Program Files\Microsoft Visual Studio\2022\Community\VC\Tools\MSVC\14.31.31103\include\vector(542,62): error C2760: syntax error: '{' was unexpected here; expected 'expression'
C:\Program Files\Microsoft Visual Studio\2022\Community\VC\Tools\MSVC\14.31.31103\include\vector(544,17): error C2760: syntax error: 'const' was unexpected here; expected '}'
C:\Program Files\Microsoft Visual Studio\2022\Community\VC\Tools\MSVC\14.31.31103\include\vector(543,41): error C2760: syntax error: '{' was unexpected here; expected 'expression'
C:\Program Files\Microsoft Visual Studio\2022\Community\VC\Tools\MSVC\14.31.31103\include\vector(544,23): error C3878: syntax error: unexpected token 'auto' following 'expression'
C:\Program Files\Microsoft Visual Studio\2022\Community\VC\Tools\MSVC\14.31.31103\include\vector(544,23): message : error recovery skipped: 'auto identifier =  . . . identifier'
C:\Program Files\Microsoft Visual Studio\2022\Community\VC\Tools\MSVC\14.31.31103\include\vector(544,102): message : parsing resumes here
C:\Program Files\Microsoft Visual Studio\2022\Community\VC\Tools\MSVC\14.31.31103\include\vector(570,12): error C2760: syntax error: 'const' was unexpected here; expected '('
C:\Program Files\Microsoft Visual Studio\2022\Community\VC\Tools\MSVC\14.31.31103\include\vector(570,12): error C2760: syntax error: 'const' was unexpected here; expected 'expression'
C:\Program Files\Microsoft Visual Studio\2022\Community\VC\Tools\MSVC\14.31.31103\include\vector(570,12): message : error recovery skipped: 'const'
C:\Program Files\Microsoft Visual Studio\2022\Community\VC\Tools\MSVC\14.31.31103\include\vector(571,13): error C2760: syntax error: 'if' was unexpected here; expected '}'
C:\Program Files\Microsoft Visual Studio\2022\Community\VC\Tools\MSVC\14.31.31103\include\vector(570,78): error C2760: syntax error: '{' was unexpected here; expected 'expression'
C:\Program Files\Microsoft Visual Studio\2022\Community\VC\Tools\MSVC\14.31.31103\include\vector(572,51): error C2760: syntax error: ';' was unexpected here; expected '}'
C:\Program Files\Microsoft Visual Studio\2022\Community\VC\Tools\MSVC\14.31.31103\include\vector(571,35): error C2760: syntax error: '{' was unexpected here; expected 'expression'
C:\Program Files\Microsoft Visual Studio\2022\Community\VC\Tools\MSVC\14.31.31103\include\vector(573,17): error C3878: syntax error: unexpected token 'return' following 'expression'
C:\Program Files\Microsoft Visual Studio\2022\Community\VC\Tools\MSVC\14.31.31103\include\vector(573,17): message : error recovery skipped: 'return * this'
C:\Program Files\Microsoft Visual Studio\2022\Community\VC\Tools\MSVC\14.31.31103\include\vector(573,29): error C2760: syntax error: ';' was unexpected here; expected ')'
C:\Program Files\Microsoft Visual Studio\2022\Community\VC\Tools\MSVC\14.31.31103\include\vector(674,16): error C2760: syntax error: 'const' was unexpected here; expected '('
C:\Program Files\Microsoft Visual Studio\2022\Community\VC\Tools\MSVC\14.31.31103\include\vector(646,26): message : This diagnostic occurred in the compiler generated function 'allocator_traits<allocator_traits<_Alloc>::rebind_alloc<_Ty>>::pointer std::vector<_Ty,_Alloc>::_Emplace_reallocate(const allocator_traits<allocator_traits<_Alloc>::rebind_alloc<_Ty>>::pointer,_Valty &&...)'
C:\Program Files\Microsoft Visual Studio\2022\Community\VC\Tools\MSVC\14.31.31103\include\vector(674,16): error C2760: syntax error: 'const' was unexpected here; expected 'expression'
C:\Program Files\Microsoft Visual Studio\2022\Community\VC\Tools\MSVC\14.31.31103\include\vector(646,26): message : This diagnostic occurred in the compiler generated function 'allocator_traits<allocator_traits<_Alloc>::rebind_alloc<_Ty>>::pointer std::vector<_Ty,_Alloc>::_Emplace_reallocate(const allocator_traits<allocator_traits<_Alloc>::rebind_alloc<_Ty>>::pointer,_Valty &&...)'
C:\Program Files\Microsoft Visual Studio\2022\Community\VC\Tools\MSVC\14.31.31103\include\vector(674,16): message : error recovery skipped: 'const'
C:\Program Files\Microsoft Visual Studio\2022\Community\VC\Tools\MSVC\14.31.31103\include\vector(646,26): message : This diagnostic occurred in the compiler generated function 'allocator_traits<allocator_traits<_Alloc>::rebind_alloc<_Ty>>::pointer std::vector<_Ty,_Alloc>::_Emplace_reallocate(const allocator_traits<allocator_traits<_Alloc>::rebind_alloc<_Ty>>::pointer,_Valty &&...)'
C:\Program Files\Microsoft Visual Studio\2022\Community\VC\Tools\MSVC\14.31.31103\include\vector(675,69): error C2760: syntax error: ';' was unexpected here; expected '}'
C:\Program Files\Microsoft Visual Studio\2022\Community\VC\Tools\MSVC\14.31.31103\include\vector(646,26): message : This diagnostic occurred in the compiler generated function 'allocator_traits<allocator_traits<_Alloc>::rebind_alloc<_Ty>>::pointer std::vector<_Ty,_Alloc>::_Emplace_reallocate(const allocator_traits<allocator_traits<_Alloc>::rebind_alloc<_Ty>>::pointer,_Valty &&...)'
C:\Program Files\Microsoft Visual Studio\2022\Community\VC\Tools\MSVC\14.31.31103\include\vector(674,98): error C2760: syntax error: '{' was unexpected here; expected 'expression'
C:\Program Files\Microsoft Visual Studio\2022\Community\VC\Tools\MSVC\14.31.31103\include\vector(646,26): message : This diagnostic occurred in the compiler generated function 'allocator_traits<allocator_traits<_Alloc>::rebind_alloc<_Ty>>::pointer std::vector<_Ty,_Alloc>::_Emplace_reallocate(const allocator_traits<allocator_traits<_Alloc>::rebind_alloc<_Ty>>::pointer,_Valty &&...)'
C:\Program Files\Microsoft Visual Studio\2022\Community\VC\Tools\MSVC\14.31.31103\include\vector(676,13): error C3878: syntax error: unexpected token '}' following 'condition'
C:\Program Files\Microsoft Visual Studio\2022\Community\VC\Tools\MSVC\14.31.31103\include\vector(676,13): message : missing one of:  ')' ';' ?
C:\Program Files\Microsoft Visual Studio\2022\Community\VC\Tools\MSVC\14.31.31103\include\vector(646,26): message : This diagnostic occurred in the compiler generated function 'allocator_traits<allocator_traits<_Alloc>::rebind_alloc<_Ty>>::pointer std::vector<_Ty,_Alloc>::_Emplace_reallocate(const allocator_traits<allocator_traits<_Alloc>::rebind_alloc<_Ty>>::pointer,_Valty &&...)'
C:\Program Files\Microsoft Visual Studio\2022\Community\VC\Tools\MSVC\14.31.31103\include\vector(676,13): error C2760: syntax error: '}' was unexpected here; expected ')'
C:\Program Files\Microsoft Visual Studio\2022\Community\VC\Tools\MSVC\14.31.31103\include\vector(646,26): message : This diagnostic occurred in the compiler generated function 'allocator_traits<allocator_traits<_Alloc>::rebind_alloc<_Ty>>::pointer std::vector<_Ty,_Alloc>::_Emplace_reallocate(const allocator_traits<allocator_traits<_Alloc>::rebind_alloc<_Ty>>::pointer,_Valty &&...)'
C:\Program Files\Microsoft Visual Studio\2022\Community\VC\Tools\MSVC\14.31.31103\include\vector(676,13): error C2760: syntax error: '}' was unexpected here; expected 'statement'
C:\Program Files\Microsoft Visual Studio\2022\Community\VC\Tools\MSVC\14.31.31103\include\vector(646,26): message : This diagnostic occurred in the compiler generated function 'allocator_traits<allocator_traits<_Alloc>::rebind_alloc<_Ty>>::pointer std::vector<_Ty,_Alloc>::_Emplace_reallocate(const allocator_traits<allocator_traits<_Alloc>::rebind_alloc<_Ty>>::pointer,_Valty &&...)'
C:\Program Files\Microsoft Visual Studio\2022\Community\VC\Tools\MSVC\14.31.31103\include\vector(679,11): error C3878: syntax error: unexpected token 'else' following 'statement_seq'
C:\Program Files\Microsoft Visual Studio\2022\Community\VC\Tools\MSVC\14.31.31103\include\vector(679,11): message : missing one of:  '}' ?
C:\Program Files\Microsoft Visual Studio\2022\Community\VC\Tools\MSVC\14.31.31103\include\vector(646,26): message : This diagnostic occurred in the compiler generated function 'allocator_traits<allocator_traits<_Alloc>::rebind_alloc<_Ty>>::pointer std::vector<_Ty,_Alloc>::_Emplace_reallocate(const allocator_traits<allocator_traits<_Alloc>::rebind_alloc<_Ty>>::pointer,_Valty &&...)'
C:\Program Files\Microsoft Visual Studio\2022\Community\VC\Tools\MSVC\14.31.31103\include\vector(679,11): message : error recovery skipped: 'else { identifier  . . . ;'
C:\Program Files\Microsoft Visual Studio\2022\Community\VC\Tools\MSVC\14.31.31103\include\vector(646,26): message : This diagnostic occurred in the compiler generated function 'allocator_traits<allocator_traits<_Alloc>::rebind_alloc<_Ty>>::pointer std::vector<_Ty,_Alloc>::_Emplace_reallocate(const allocator_traits<allocator_traits<_Alloc>::rebind_alloc<_Ty>>::pointer,_Valty &&...)'
C:\Program Files\Microsoft Visual Studio\2022\Community\VC\Tools\MSVC\14.31.31103\include\vector(683,9): message : parsing resumes here
C:\Program Files\Microsoft Visual Studio\2022\Community\VC\Tools\MSVC\14.31.31103\include\vector(646,26): message : This diagnostic occurred in the compiler generated function 'allocator_traits<allocator_traits<_Alloc>::rebind_alloc<_Ty>>::pointer std::vector<_Ty,_Alloc>::_Emplace_reallocate(const allocator_traits<allocator_traits<_Alloc>::rebind_alloc<_Ty>>::pointer,_Valty &&...)'
C:\Program Files\Microsoft Visual Studio\2022\Community\VC\Tools\MSVC\14.31.31103\include\vector(772,20): error C2760: syntax error: 'const' was unexpected here; expected '('
C:\Program Files\Microsoft Visual Studio\2022\Community\VC\Tools\MSVC\14.31.31103\include\vector(772,20): error C2760: syntax error: 'const' was unexpected here; expected 'expression'
C:\Program Files\Microsoft Visual Studio\2022\Community\VC\Tools\MSVC\14.31.31103\include\vector(772,20): message : error recovery skipped: 'const'
C:\Program Files\Microsoft Visual Studio\2022\Community\VC\Tools\MSVC\14.31.31103\include\vector(773,75): error C2760: syntax error: ';' was unexpected here; expected '}'
C:\Program Files\Microsoft Visual Studio\2022\Community\VC\Tools\MSVC\14.31.31103\include\vector(772,102): error C2760: syntax error: '{' was unexpected here; expected 'expression'
C:\Program Files\Microsoft Visual Studio\2022\Community\VC\Tools\MSVC\14.31.31103\include\vector(774,17): error C3878: syntax error: unexpected token '}' following 'condition'
C:\Program Files\Microsoft Visual Studio\2022\Community\VC\Tools\MSVC\14.31.31103\include\vector(774,17): message : missing one of:  ')' ';' ?
C:\Program Files\Microsoft Visual Studio\2022\Community\VC\Tools\MSVC\14.31.31103\include\vector(774,17): error C2760: syntax error: '}' was unexpected here; expected ')'
C:\Program Files\Microsoft Visual Studio\2022\Community\VC\Tools\MSVC\14.31.31103\include\vector(774,17): error C2760: syntax error: '}' was unexpected here; expected 'statement'
C:\Program Files\Microsoft Visual Studio\2022\Community\VC\Tools\MSVC\14.31.31103\include\vector(777,15): error C3878: syntax error: unexpected token 'else' following 'statement_seq'
C:\Program Files\Microsoft Visual Studio\2022\Community\VC\Tools\MSVC\14.31.31103\include\vector(777,15): message : missing one of:  '}' ?
C:\Program Files\Microsoft Visual Studio\2022\Community\VC\Tools\MSVC\14.31.31103\include\vector(777,15): error C2760: syntax error: 'else' was unexpected here; expected '}'
C:\Program Files\Microsoft Visual Studio\2022\Community\VC\Tools\MSVC\14.31.31103\include\vector(873,20): error C2760: syntax error: 'const' was unexpected here; expected '('
C:\Program Files\Microsoft Visual Studio\2022\Community\VC\Tools\MSVC\14.31.31103\include\vector(839,23): message : This diagnostic occurred in the compiler generated function 'void std::vector<_Ty,_Alloc>::_Insert_range(std::_Vector_const_iterator<std::_Vector_val<conditional<std::_Is_simple_alloc_v<allocator_traits<_Alloc>::rebind_alloc<_Ty>>,std::_Simple_types<_Value_type>,std::_Vec_iter_types<_Ty,allocator_traits<allocator_traits<_Alloc>::rebind_alloc<_Ty>>::size_type,allocator_traits<allocator_traits<_Alloc>::rebind_alloc<_Ty>>::difference_type,allocator_traits<allocator_traits<_Alloc>::rebind_alloc<_Ty>>::pointer,allocator_traits<allocator_traits<_Alloc>::rebind_alloc<_Ty>>::const_pointer,_Ty&,const _Ty&>>::type>>,_Iter,_Iter,std::forward_iterator_tag)'
C:\Program Files\Microsoft Visual Studio\2022\Community\VC\Tools\MSVC\14.31.31103\include\vector(873,20): error C2760: syntax error: 'const' was unexpected here; expected 'expression'
C:\Program Files\Microsoft Visual Studio\2022\Community\VC\Tools\MSVC\14.31.31103\include\vector(839,23): message : This diagnostic occurred in the compiler generated function 'void std::vector<_Ty,_Alloc>::_Insert_range(std::_Vector_const_iterator<std::_Vector_val<conditional<std::_Is_simple_alloc_v<allocator_traits<_Alloc>::rebind_alloc<_Ty>>,std::_Simple_types<_Value_type>,std::_Vec_iter_types<_Ty,allocator_traits<allocator_traits<_Alloc>::rebind_alloc<_Ty>>::size_type,allocator_traits<allocator_traits<_Alloc>::rebind_alloc<_Ty>>::difference_type,allocator_traits<allocator_traits<_Alloc>::rebind_alloc<_Ty>>::pointer,allocator_traits<allocator_traits<_Alloc>::rebind_alloc<_Ty>>::const_pointer,_Ty&,const _Ty&>>::type>>,_Iter,_Iter,std::forward_iterator_tag)'
C:\Program Files\Microsoft Visual Studio\2022\Community\VC\Tools\MSVC\14.31.31103\include\vector(873,20): message : error recovery skipped: 'const'
C:\Program Files\Microsoft Visual Studio\2022\Community\VC\Tools\MSVC\14.31.31103\include\vector(839,23): message : This diagnostic occurred in the compiler generated function 'void std::vector<_Ty,_Alloc>::_Insert_range(std::_Vector_const_iterator<std::_Vector_val<conditional<std::_Is_simple_alloc_v<allocator_traits<_Alloc>::rebind_alloc<_Ty>>,std::_Simple_types<_Value_type>,std::_Vec_iter_types<_Ty,allocator_traits<allocator_traits<_Alloc>::rebind_alloc<_Ty>>::size_type,allocator_traits<allocator_traits<_Alloc>::rebind_alloc<_Ty>>::difference_type,allocator_traits<allocator_traits<_Alloc>::rebind_alloc<_Ty>>::pointer,allocator_traits<allocator_traits<_Alloc>::rebind_alloc<_Ty>>::const_pointer,_Ty&,const _Ty&>>::type>>,_Iter,_Iter,std::forward_iterator_tag)'
C:\Program Files\Microsoft Visual Studio\2022\Community\VC\Tools\MSVC\14.31.31103\include\vector(874,75): error C2760: syntax error: ';' was unexpected here; expected '}'
C:\Program Files\Microsoft Visual Studio\2022\Community\VC\Tools\MSVC\14.31.31103\include\vector(839,23): message : This diagnostic occurred in the compiler generated function 'void std::vector<_Ty,_Alloc>::_Insert_range(std::_Vector_const_iterator<std::_Vector_val<conditional<std::_Is_simple_alloc_v<allocator_traits<_Alloc>::rebind_alloc<_Ty>>,std::_Simple_types<_Value_type>,std::_Vec_iter_types<_Ty,allocator_traits<allocator_traits<_Alloc>::rebind_alloc<_Ty>>::size_type,allocator_traits<allocator_traits<_Alloc>::rebind_alloc<_Ty>>::difference_type,allocator_traits<allocator_traits<_Alloc>::rebind_alloc<_Ty>>::pointer,allocator_traits<allocator_traits<_Alloc>::rebind_alloc<_Ty>>::const_pointer,_Ty&,const _Ty&>>::type>>,_Iter,_Iter,std::forward_iterator_tag)'
C:\Program Files\Microsoft Visual Studio\2022\Community\VC\Tools\MSVC\14.31.31103\include\vector(873,102): error C2760: syntax error: '{' was unexpected here; expected 'expression'
C:\Program Files\Microsoft Visual Studio\2022\Community\VC\Tools\MSVC\14.31.31103\include\vector(839,23): message : This diagnostic occurred in the compiler generated function 'void std::vector<_Ty,_Alloc>::_Insert_range(std::_Vector_const_iterator<std::_Vector_val<conditional<std::_Is_simple_alloc_v<allocator_traits<_Alloc>::rebind_alloc<_Ty>>,std::_Simple_types<_Value_type>,std::_Vec_iter_types<_Ty,allocator_traits<allocator_traits<_Alloc>::rebind_alloc<_Ty>>::size_type,allocator_traits<allocator_traits<_Alloc>::rebind_alloc<_Ty>>::difference_type,allocator_traits<allocator_traits<_Alloc>::rebind_alloc<_Ty>>::pointer,allocator_traits<allocator_traits<_Alloc>::rebind_alloc<_Ty>>::const_pointer,_Ty&,const _Ty&>>::type>>,_Iter,_Iter,std::forward_iterator_tag)'
C:\Program Files\Microsoft Visual Studio\2022\Community\VC\Tools\MSVC\14.31.31103\include\vector(875,17): error C3878: syntax error: unexpected token '}' following 'condition'
C:\Program Files\Microsoft Visual Studio\2022\Community\VC\Tools\MSVC\14.31.31103\include\vector(875,17): message : missing one of:  ')' ';' ?
C:\Program Files\Microsoft Visual Studio\2022\Community\VC\Tools\MSVC\14.31.31103\include\vector(839,23): message : This diagnostic occurred in the compiler generated function 'void std::vector<_Ty,_Alloc>::_Insert_range(std::_Vector_const_iterator<std::_Vector_val<conditional<std::_Is_simple_alloc_v<allocator_traits<_Alloc>::rebind_alloc<_Ty>>,std::_Simple_types<_Value_type>,std::_Vec_iter_types<_Ty,allocator_traits<allocator_traits<_Alloc>::rebind_alloc<_Ty>>::size_type,allocator_traits<allocator_traits<_Alloc>::rebind_alloc<_Ty>>::difference_type,allocator_traits<allocator_traits<_Alloc>::rebind_alloc<_Ty>>::pointer,allocator_traits<allocator_traits<_Alloc>::rebind_alloc<_Ty>>::const_pointer,_Ty&,const _Ty&>>::type>>,_Iter,_Iter,std::forward_iterator_tag)'
C:\Program Files\Microsoft Visual Studio\2022\Community\VC\Tools\MSVC\14.31.31103\include\vector(875,17): error C2760: syntax error: '}' was unexpected here; expected ')'
C:\Program Files\Microsoft Visual Studio\2022\Community\VC\Tools\MSVC\14.31.31103\include\vector(839,23): message : This diagnostic occurred in the compiler generated function 'void std::vector<_Ty,_Alloc>::_Insert_range(std::_Vector_const_iterator<std::_Vector_val<conditional<std::_Is_simple_alloc_v<allocator_traits<_Alloc>::rebind_alloc<_Ty>>,std::_Simple_types<_Value_type>,std::_Vec_iter_types<_Ty,allocator_traits<allocator_traits<_Alloc>::rebind_alloc<_Ty>>::size_type,allocator_traits<allocator_traits<_Alloc>::rebind_alloc<_Ty>>::difference_type,allocator_traits<allocator_traits<_Alloc>::rebind_alloc<_Ty>>::pointer,allocator_traits<allocator_traits<_Alloc>::rebind_alloc<_Ty>>::const_pointer,_Ty&,const _Ty&>>::type>>,_Iter,_Iter,std::forward_iterator_tag)'
C:\Program Files\Microsoft Visual Studio\2022\Community\VC\Tools\MSVC\14.31.31103\include\vector(875,17): error C2760: syntax error: '}' was unexpected here; expected 'statement'
C:\Program Files\Microsoft Visual Studio\2022\Community\VC\Tools\MSVC\14.31.31103\include\vector(839,23): message : This diagnostic occurred in the compiler generated function 'void std::vector<_Ty,_Alloc>::_Insert_range(std::_Vector_const_iterator<std::_Vector_val<conditional<std::_Is_simple_alloc_v<allocator_traits<_Alloc>::rebind_alloc<_Ty>>,std::_Simple_types<_Value_type>,std::_Vec_iter_types<_Ty,allocator_traits<allocator_traits<_Alloc>::rebind_alloc<_Ty>>::size_type,allocator_traits<allocator_traits<_Alloc>::rebind_alloc<_Ty>>::difference_type,allocator_traits<allocator_traits<_Alloc>::rebind_alloc<_Ty>>::pointer,allocator_traits<allocator_traits<_Alloc>::rebind_alloc<_Ty>>::const_pointer,_Ty&,const _Ty&>>::type>>,_Iter,_Iter,std::forward_iterator_tag)'
C:\Program Files\Microsoft Visual Studio\2022\Community\VC\Tools\MSVC\14.31.31103\include\vector(878,15): error C3878: syntax error: unexpected token 'else' following 'statement_seq'
C:\Program Files\Microsoft Visual Studio\2022\Community\VC\Tools\MSVC\14.31.31103\include\vector(878,15): message : missing one of:  '}' ?
C:\Program Files\Microsoft Visual Studio\2022\Community\VC\Tools\MSVC\14.31.31103\include\vector(839,23): message : This diagnostic occurred in the compiler generated function 'void std::vector<_Ty,_Alloc>::_Insert_range(std::_Vector_const_iterator<std::_Vector_val<conditional<std::_Is_simple_alloc_v<allocator_traits<_Alloc>::rebind_alloc<_Ty>>,std::_Simple_types<_Value_type>,std::_Vec_iter_types<_Ty,allocator_traits<allocator_traits<_Alloc>::rebind_alloc<_Ty>>::size_type,allocator_traits<allocator_traits<_Alloc>::rebind_alloc<_Ty>>::difference_type,allocator_traits<allocator_traits<_Alloc>::rebind_alloc<_Ty>>::pointer,allocator_traits<allocator_traits<_Alloc>::rebind_alloc<_Ty>>::const_pointer,_Ty&,const _Ty&>>::type>>,_Iter,_Iter,std::forward_iterator_tag)'
C:\Program Files\Microsoft Visual Studio\2022\Community\VC\Tools\MSVC\14.31.31103\include\vector(878,15): error C2760: syntax error: 'else' was unexpected here; expected '}'
C:\Program Files\Microsoft Visual Studio\2022\Community\VC\Tools\MSVC\14.31.31103\include\vector(839,23): message : This diagnostic occurred in the compiler generated function 'void std::vector<_Ty,_Alloc>::_Insert_range(std::_Vector_const_iterator<std::_Vector_val<conditional<std::_Is_simple_alloc_v<allocator_traits<_Alloc>::rebind_alloc<_Ty>>,std::_Simple_types<_Value_type>,std::_Vec_iter_types<_Ty,allocator_traits<allocator_traits<_Alloc>::rebind_alloc<_Ty>>::size_type,allocator_traits<allocator_traits<_Alloc>::rebind_alloc<_Ty>>::difference_type,allocator_traits<allocator_traits<_Alloc>::rebind_alloc<_Ty>>::pointer,allocator_traits<allocator_traits<_Alloc>::rebind_alloc<_Ty>>::const_pointer,_Ty&,const _Ty&>>::type>>,_Iter,_Iter,std::forward_iterator_tag)'
C:\Program Files\Microsoft Visual Studio\2022\Community\VC\Tools\MSVC\14.31.31103\include\vector(1082,12): error C2760: syntax error: 'const' was unexpected here; expected '('
C:\Program Files\Microsoft Visual Studio\2022\Community\VC\Tools\MSVC\14.31.31103\include\vector(1082,12): error C2760: syntax error: 'const' was unexpected here; expected 'expression'
C:\Program Files\Microsoft Visual Studio\2022\Community\VC\Tools\MSVC\14.31.31103\include\vector(1082,12): message : error recovery skipped: 'const'
C:\Program Files\Microsoft Visual Studio\2022\Community\VC\Tools\MSVC\14.31.31103\include\vector(1083,13): error C2760: syntax error: 'if' was unexpected here; expected '}'
C:\Program Files\Microsoft Visual Studio\2022\Community\VC\Tools\MSVC\14.31.31103\include\vector(1082,47): error C2760: syntax error: '{' was unexpected here; expected 'expression'
C:\Program Files\Microsoft Visual Studio\2022\Community\VC\Tools\MSVC\14.31.31103\include\vector(1084,24): error C2760: syntax error: ';' was unexpected here; expected '}'
C:\Program Files\Microsoft Visual Studio\2022\Community\VC\Tools\MSVC\14.31.31103\include\vector(1083,35): error C2760: syntax error: '{' was unexpected here; expected 'expression'
C:\Program Files\Microsoft Visual Studio\2022\Community\VC\Tools\MSVC\14.31.31103\include\vector(1085,17): error C3878: syntax error: unexpected token 'identifier' following 'expression'
C:\Program Files\Microsoft Visual Studio\2022\Community\VC\Tools\MSVC\14.31.31103\include\vector(1085,17): message : error recovery skipped: 'identifier . identifier  . . . identifier'
C:\Program Files\Microsoft Visual Studio\2022\Community\VC\Tools\MSVC\14.31.31103\include\vector(1085,47): message : parsing resumes here
C:\Program Files\Microsoft Visual Studio\2022\Community\VC\Tools\MSVC\14.31.31103\include\vector(1085,47): error C3878: syntax error: unexpected token ',' following 'condition'
C:\Program Files\Microsoft Visual Studio\2022\Community\VC\Tools\MSVC\14.31.31103\include\vector(1085,47): message : missing one of:  ')' ';' ?
C:\Program Files\Microsoft Visual Studio\2022\Community\VC\Tools\MSVC\14.31.31103\include\vector(1085,47): message : error recovery skipped: ', identifier >>  . . . identifier'
C:\Program Files\Microsoft Visual Studio\2022\Community\VC\Tools\MSVC\14.31.31103\include\vector(1085,79): error C2760: syntax error: ',' was unexpected here; expected 'statement'
C:\Program Files\Microsoft Visual Studio\2022\Community\VC\Tools\MSVC\14.31.31103\include\vector(1085,79): message : error recovery skipped: ','
C:\Program Files\Microsoft Visual Studio\2022\Community\VC\Tools\MSVC\14.31.31103\include\vector(1085,119): error C2760: syntax error: ')' was unexpected here; expected ';'
C:\Program Files\Microsoft Visual Studio\2022\Community\VC\Tools\MSVC\14.31.31103\include\vector(1085,119): error C3878: syntax error: unexpected token ')' following 'expression_statement'
C:\Program Files\Microsoft Visual Studio\2022\Community\VC\Tools\MSVC\14.31.31103\include\vector(1085,119): error C3878: syntax error: unexpected token ')' following 'statement'
C:\Program Files\Microsoft Visual Studio\2022\Community\VC\Tools\MSVC\14.31.31103\include\vector(1085,119): error C3878: syntax error: unexpected token ')' following 'selection_statement'
C:\Program Files\Microsoft Visual Studio\2022\Community\VC\Tools\MSVC\14.31.31103\include\vector(1085,119): message : error recovery skipped: ')'
C:\Program Files\Microsoft Visual Studio\2022\Community\VC\Tools\MSVC\14.31.31103\include\vector(1121,12): error C2760: syntax error: 'const' was unexpected here; expected '('
C:\Program Files\Microsoft Visual Studio\2022\Community\VC\Tools\MSVC\14.31.31103\include\vector(1103,23): message : This diagnostic occurred in the compiler generated function 'void std::vector<_Ty,_Alloc>::_Resize_reallocate(const allocator_traits<allocator_traits<_Alloc>::rebind_alloc<_Ty>>::size_type,const _Ty2 &)'
C:\Program Files\Microsoft Visual Studio\2022\Community\VC\Tools\MSVC\14.31.31103\include\vector(1121,12): error C2760: syntax error: 'const' was unexpected here; expected 'expression'
C:\Program Files\Microsoft Visual Studio\2022\Community\VC\Tools\MSVC\14.31.31103\include\vector(1103,23): message : This diagnostic occurred in the compiler generated function 'void std::vector<_Ty,_Alloc>::_Resize_reallocate(const allocator_traits<allocator_traits<_Alloc>::rebind_alloc<_Ty>>::size_type,const _Ty2 &)'
C:\Program Files\Microsoft Visual Studio\2022\Community\VC\Tools\MSVC\14.31.31103\include\vector(1121,12): message : error recovery skipped: 'const'
C:\Program Files\Microsoft Visual Studio\2022\Community\VC\Tools\MSVC\14.31.31103\include\vector(1103,23): message : This diagnostic occurred in the compiler generated function 'void std::vector<_Ty,_Alloc>::_Resize_reallocate(const allocator_traits<allocator_traits<_Alloc>::rebind_alloc<_Ty>>::size_type,const _Ty2 &)'
C:\Program Files\Microsoft Visual Studio\2022\Community\VC\Tools\MSVC\14.31.31103\include\vector(1122,100): error C2760: syntax error: ';' was unexpected here; expected '}'
C:\Program Files\Microsoft Visual Studio\2022\Community\VC\Tools\MSVC\14.31.31103\include\vector(1103,23): message : This diagnostic occurred in the compiler generated function 'void std::vector<_Ty,_Alloc>::_Resize_reallocate(const allocator_traits<allocator_traits<_Alloc>::rebind_alloc<_Ty>>::size_type,const _Ty2 &)'
C:\Program Files\Microsoft Visual Studio\2022\Community\VC\Tools\MSVC\14.31.31103\include\vector(1121,45): error C2760: syntax error: '{' was unexpected here; expected 'expression'
C:\Program Files\Microsoft Visual Studio\2022\Community\VC\Tools\MSVC\14.31.31103\include\vector(1103,23): message : This diagnostic occurred in the compiler generated function 'void std::vector<_Ty,_Alloc>::_Resize_reallocate(const allocator_traits<allocator_traits<_Alloc>::rebind_alloc<_Ty>>::size_type,const _Ty2 &)'
C:\Program Files\Microsoft Visual Studio\2022\Community\VC\Tools\MSVC\14.31.31103\include\vector(1123,9): error C3878: syntax error: unexpected token '}' following 'condition'
C:\Program Files\Microsoft Visual Studio\2022\Community\VC\Tools\MSVC\14.31.31103\include\vector(1123,9): message : missing one of:  ')' ';' ?
C:\Program Files\Microsoft Visual Studio\2022\Community\VC\Tools\MSVC\14.31.31103\include\vector(1103,23): message : This diagnostic occurred in the compiler generated function 'void std::vector<_Ty,_Alloc>::_Resize_reallocate(const allocator_traits<allocator_traits<_Alloc>::rebind_alloc<_Ty>>::size_type,const _Ty2 &)'
C:\Program Files\Microsoft Visual Studio\2022\Community\VC\Tools\MSVC\14.31.31103\include\vector(1123,9): error C2760: syntax error: '}' was unexpected here; expected ')'
C:\Program Files\Microsoft Visual Studio\2022\Community\VC\Tools\MSVC\14.31.31103\include\vector(1103,23): message : This diagnostic occurred in the compiler generated function 'void std::vector<_Ty,_Alloc>::_Resize_reallocate(const allocator_traits<allocator_traits<_Alloc>::rebind_alloc<_Ty>>::size_type,const _Ty2 &)'
C:\Program Files\Microsoft Visual Studio\2022\Community\VC\Tools\MSVC\14.31.31103\include\vector(1123,9): error C2760: syntax error: '}' was unexpected here; expected 'statement'
C:\Program Files\Microsoft Visual Studio\2022\Community\VC\Tools\MSVC\14.31.31103\include\vector(1103,23): message : This diagnostic occurred in the compiler generated function 'void std::vector<_Ty,_Alloc>::_Resize_reallocate(const allocator_traits<allocator_traits<_Alloc>::rebind_alloc<_Ty>>::size_type,const _Ty2 &)'
C:\Program Files\Microsoft Visual Studio\2022\Community\VC\Tools\MSVC\14.31.31103\include\vector(1123,11): error C3878: syntax error: unexpected token 'else' following 'statement_seq'
C:\Program Files\Microsoft Visual Studio\2022\Community\VC\Tools\MSVC\14.31.31103\include\vector(1123,11): message : missing one of:  '}' ?
C:\Program Files\Microsoft Visual Studio\2022\Community\VC\Tools\MSVC\14.31.31103\include\vector(1103,23): message : This diagnostic occurred in the compiler generated function 'void std::vector<_Ty,_Alloc>::_Resize_reallocate(const allocator_traits<allocator_traits<_Alloc>::rebind_alloc<_Ty>>::size_type,const _Ty2 &)'
C:\Program Files\Microsoft Visual Studio\2022\Community\VC\Tools\MSVC\14.31.31103\include\vector(1123,11): message : error recovery skipped: 'else { ;  . . . ;'
C:\Program Files\Microsoft Visual Studio\2022\Community\VC\Tools\MSVC\14.31.31103\include\vector(1103,23): message : This diagnostic occurred in the compiler generated function 'void std::vector<_Ty,_Alloc>::_Resize_reallocate(const allocator_traits<allocator_traits<_Alloc>::rebind_alloc<_Ty>>::size_type,const _Ty2 &)'
C:\Program Files\Microsoft Visual Studio\2022\Community\VC\Tools\MSVC\14.31.31103\include\vector(1126,9): message : parsing resumes here
C:\Program Files\Microsoft Visual Studio\2022\Community\VC\Tools\MSVC\14.31.31103\include\vector(1103,23): message : This diagnostic occurred in the compiler generated function 'void std::vector<_Ty,_Alloc>::_Resize_reallocate(const allocator_traits<allocator_traits<_Alloc>::rebind_alloc<_Ty>>::size_type,const _Ty2 &)'
C:\Program Files\Microsoft Visual Studio\2022\Community\VC\Tools\MSVC\14.31.31103\include\vector(1166,16): error C2760: syntax error: 'const' was unexpected here; expected '('
C:\Program Files\Microsoft Visual Studio\2022\Community\VC\Tools\MSVC\14.31.31103\include\vector(1143,23): message : This diagnostic occurred in the compiler generated function 'void std::vector<_Ty,_Alloc>::_Resize(const allocator_traits<allocator_traits<_Alloc>::rebind_alloc<_Ty>>::size_type,const _Ty2 &)'
C:\Program Files\Microsoft Visual Studio\2022\Community\VC\Tools\MSVC\14.31.31103\include\vector(1166,16): error C2760: syntax error: 'const' was unexpected here; expected 'expression'
C:\Program Files\Microsoft Visual Studio\2022\Community\VC\Tools\MSVC\14.31.31103\include\vector(1143,23): message : This diagnostic occurred in the compiler generated function 'void std::vector<_Ty,_Alloc>::_Resize(const allocator_traits<allocator_traits<_Alloc>::rebind_alloc<_Ty>>::size_type,const _Ty2 &)'
C:\Program Files\Microsoft Visual Studio\2022\Community\VC\Tools\MSVC\14.31.31103\include\vector(1166,16): message : error recovery skipped: 'const'
C:\Program Files\Microsoft Visual Studio\2022\Community\VC\Tools\MSVC\14.31.31103\include\vector(1143,23): message : This diagnostic occurred in the compiler generated function 'void std::vector<_Ty,_Alloc>::_Resize(const allocator_traits<allocator_traits<_Alloc>::rebind_alloc<_Ty>>::size_type,const _Ty2 &)'
C:\Program Files\Microsoft Visual Studio\2022\Community\VC\Tools\MSVC\14.31.31103\include\vector(1167,90): error C2760: syntax error: ';' was unexpected here; expected '}'
C:\Program Files\Microsoft Visual Studio\2022\Community\VC\Tools\MSVC\14.31.31103\include\vector(1143,23): message : This diagnostic occurred in the compiler generated function 'void std::vector<_Ty,_Alloc>::_Resize(const allocator_traits<allocator_traits<_Alloc>::rebind_alloc<_Ty>>::size_type,const _Ty2 &)'
C:\Program Files\Microsoft Visual Studio\2022\Community\VC\Tools\MSVC\14.31.31103\include\vector(1166,49): error C2760: syntax error: '{' was unexpected here; expected 'expression'
C:\Program Files\Microsoft Visual Studio\2022\Community\VC\Tools\MSVC\14.31.31103\include\vector(1143,23): message : This diagnostic occurred in the compiler generated function 'void std::vector<_Ty,_Alloc>::_Resize(const allocator_traits<allocator_traits<_Alloc>::rebind_alloc<_Ty>>::size_type,const _Ty2 &)'
C:\Program Files\Microsoft Visual Studio\2022\Community\VC\Tools\MSVC\14.31.31103\include\vector(1168,13): error C3878: syntax error: unexpected token '}' following 'condition'
C:\Program Files\Microsoft Visual Studio\2022\Community\VC\Tools\MSVC\14.31.31103\include\vector(1168,13): message : missing one of:  ')' ';' ?
C:\Program Files\Microsoft Visual Studio\2022\Community\VC\Tools\MSVC\14.31.31103\include\vector(1143,23): message : This diagnostic occurred in the compiler generated function 'void std::vector<_Ty,_Alloc>::_Resize(const allocator_traits<allocator_traits<_Alloc>::rebind_alloc<_Ty>>::size_type,const _Ty2 &)'
C:\Program Files\Microsoft Visual Studio\2022\Community\VC\Tools\MSVC\14.31.31103\include\vector(1168,13): error C2760: syntax error: '}' was unexpected here; expected ')'
C:\Program Files\Microsoft Visual Studio\2022\Community\VC\Tools\MSVC\14.31.31103\include\vector(1143,23): message : This diagnostic occurred in the compiler generated function 'void std::vector<_Ty,_Alloc>::_Resize(const allocator_traits<allocator_traits<_Alloc>::rebind_alloc<_Ty>>::size_type,const _Ty2 &)'
C:\Program Files\Microsoft Visual Studio\2022\Community\VC\Tools\MSVC\14.31.31103\include\vector(1168,13): error C2760: syntax error: '}' was unexpected here; expected 'statement'
C:\Program Files\Microsoft Visual Studio\2022\Community\VC\Tools\MSVC\14.31.31103\include\vector(1143,23): message : This diagnostic occurred in the compiler generated function 'void std::vector<_Ty,_Alloc>::_Resize(const allocator_traits<allocator_traits<_Alloc>::rebind_alloc<_Ty>>::size_type,const _Ty2 &)'
C:\Program Files\Microsoft Visual Studio\2022\Community\VC\Tools\MSVC\14.31.31103\include\vector(1202,12): error C2760: syntax error: 'const' was unexpected here; expected '('
C:\Program Files\Microsoft Visual Studio\2022\Community\VC\Tools\MSVC\14.31.31103\include\vector(1202,12): error C2760: syntax error: 'const' was unexpected here; expected 'expression'
C:\Program Files\Microsoft Visual Studio\2022\Community\VC\Tools\MSVC\14.31.31103\include\vector(1202,12): message : error recovery skipped: 'const'
C:\Program Files\Microsoft Visual Studio\2022\Community\VC\Tools\MSVC\14.31.31103\include\vector(1203,65): error C2760: syntax error: ';' was unexpected here; expected '}'
C:\Program Files\Microsoft Visual Studio\2022\Community\VC\Tools\MSVC\14.31.31103\include\vector(1202,94): error C2760: syntax error: '{' was unexpected here; expected 'expression'
C:\Program Files\Microsoft Visual Studio\2022\Community\VC\Tools\MSVC\14.31.31103\include\vector(1204,9): error C3878: syntax error: unexpected token '}' following 'condition'
C:\Program Files\Microsoft Visual Studio\2022\Community\VC\Tools\MSVC\14.31.31103\include\vector(1204,9): message : missing one of:  ')' ';' ?
C:\Program Files\Microsoft Visual Studio\2022\Community\VC\Tools\MSVC\14.31.31103\include\vector(1204,9): error C2760: syntax error: '}' was unexpected here; expected ')'
C:\Program Files\Microsoft Visual Studio\2022\Community\VC\Tools\MSVC\14.31.31103\include\vector(1204,9): error C2760: syntax error: '}' was unexpected here; expected 'statement'
C:\Program Files\Microsoft Visual Studio\2022\Community\VC\Tools\MSVC\14.31.31103\include\vector(1204,11): error C3878: syntax error: unexpected token 'else' following 'statement_seq'
C:\Program Files\Microsoft Visual Studio\2022\Community\VC\Tools\MSVC\14.31.31103\include\vector(1204,11): message : missing one of:  '}' ?
C:\Program Files\Microsoft Visual Studio\2022\Community\VC\Tools\MSVC\14.31.31103\include\vector(1204,11): message : error recovery skipped: 'else { identifier  . . . ;'
C:\Program Files\Microsoft Visual Studio\2022\Community\VC\Tools\MSVC\14.31.31103\include\vector(1206,9): message : parsing resumes here
C:\Program Files\Microsoft Visual Studio\2022\Community\VC\Tools\MSVC\14.31.31103\include\vector(1642,16): error C2760: syntax error: 'const' was unexpected here; expected '('
C:\Program Files\Microsoft Visual Studio\2022\Community\VC\Tools\MSVC\14.31.31103\include\vector(1630,23): message : This diagnostic occurred in the compiler generated function 'void std::vector<_Ty,_Alloc>::_Construct_n(const allocator_traits<allocator_traits<_Alloc>::rebind_alloc<_Ty>>::size_type,_Valty &&...)'
C:\Program Files\Microsoft Visual Studio\2022\Community\VC\Tools\MSVC\14.31.31103\include\vector(1642,16): error C2760: syntax error: 'const' was unexpected here; expected 'expression'
C:\Program Files\Microsoft Visual Studio\2022\Community\VC\Tools\MSVC\14.31.31103\include\vector(1630,23): message : This diagnostic occurred in the compiler generated function 'void std::vector<_Ty,_Alloc>::_Construct_n(const allocator_traits<allocator_traits<_Alloc>::rebind_alloc<_Ty>>::size_type,_Valty &&...)'
C:\Program Files\Microsoft Visual Studio\2022\Community\VC\Tools\MSVC\14.31.31103\include\vector(1642,16): message : error recovery skipped: 'const'
C:\Program Files\Microsoft Visual Studio\2022\Community\VC\Tools\MSVC\14.31.31103\include\vector(1630,23): message : This diagnostic occurred in the compiler generated function 'void std::vector<_Ty,_Alloc>::_Construct_n(const allocator_traits<allocator_traits<_Alloc>::rebind_alloc<_Ty>>::size_type,_Valty &&...)'
C:\Program Files\Microsoft Visual Studio\2022\Community\VC\Tools\MSVC\14.31.31103\include\vector(1643,100): error C2760: syntax error: ';' was unexpected here; expected '}'
C:\Program Files\Microsoft Visual Studio\2022\Community\VC\Tools\MSVC\14.31.31103\include\vector(1630,23): message : This diagnostic occurred in the compiler generated function 'void std::vector<_Ty,_Alloc>::_Construct_n(const allocator_traits<allocator_traits<_Alloc>::rebind_alloc<_Ty>>::size_type,_Valty &&...)'
C:\Program Files\Microsoft Visual Studio\2022\Community\VC\Tools\MSVC\14.31.31103\include\vector(1642,49): error C2760: syntax error: '{' was unexpected here; expected 'expression'
C:\Program Files\Microsoft Visual Studio\2022\Community\VC\Tools\MSVC\14.31.31103\include\vector(1630,23): message : This diagnostic occurred in the compiler generated function 'void std::vector<_Ty,_Alloc>::_Construct_n(const allocator_traits<allocator_traits<_Alloc>::rebind_alloc<_Ty>>::size_type,_Valty &&...)'
C:\Program Files\Microsoft Visual Studio\2022\Community\VC\Tools\MSVC\14.31.31103\include\vector(1644,13): error C3878: syntax error: unexpected token '}' following 'condition'
C:\Program Files\Microsoft Visual Studio\2022\Community\VC\Tools\MSVC\14.31.31103\include\vector(1644,13): message : missing one of:  ')' ';' ?
C:\Program Files\Microsoft Visual Studio\2022\Community\VC\Tools\MSVC\14.31.31103\include\vector(1630,23): message : This diagnostic occurred in the compiler generated function 'void std::vector<_Ty,_Alloc>::_Construct_n(const allocator_traits<allocator_traits<_Alloc>::rebind_alloc<_Ty>>::size_type,_Valty &&...)'
C:\Program Files\Microsoft Visual Studio\2022\Community\VC\Tools\MSVC\14.31.31103\include\vector(1644,13): error C2760: syntax error: '}' was unexpected here; expected ')'
C:\Program Files\Microsoft Visual Studio\2022\Community\VC\Tools\MSVC\14.31.31103\include\vector(1630,23): message : This diagnostic occurred in the compiler generated function 'void std::vector<_Ty,_Alloc>::_Construct_n(const allocator_traits<allocator_traits<_Alloc>::rebind_alloc<_Ty>>::size_type,_Valty &&...)'
C:\Program Files\Microsoft Visual Studio\2022\Community\VC\Tools\MSVC\14.31.31103\include\vector(1644,13): error C2760: syntax error: '}' was unexpected here; expected 'statement'
C:\Program Files\Microsoft Visual Studio\2022\Community\VC\Tools\MSVC\14.31.31103\include\vector(1630,23): message : This diagnostic occurred in the compiler generated function 'void std::vector<_Ty,_Alloc>::_Construct_n(const allocator_traits<allocator_traits<_Alloc>::rebind_alloc<_Ty>>::size_type,_Valty &&...)'
C:\Program Files\Microsoft Visual Studio\2022\Community\VC\Tools\MSVC\14.31.31103\include\vector(1644,23): error C2760: syntax error: 'const' was unexpected here; expected '('
C:\Program Files\Microsoft Visual Studio\2022\Community\VC\Tools\MSVC\14.31.31103\include\vector(1630,23): message : This diagnostic occurred in the compiler generated function 'void std::vector<_Ty,_Alloc>::_Construct_n(const allocator_traits<allocator_traits<_Alloc>::rebind_alloc<_Ty>>::size_type,_Valty &&...)'
C:\Program Files\Microsoft Visual Studio\2022\Community\VC\Tools\MSVC\14.31.31103\include\vector(1644,23): error C2760: syntax error: 'const' was unexpected here; expected 'expression'
C:\Program Files\Microsoft Visual Studio\2022\Community\VC\Tools\MSVC\14.31.31103\include\vector(1630,23): message : This diagnostic occurred in the compiler generated function 'void std::vector<_Ty,_Alloc>::_Construct_n(const allocator_traits<allocator_traits<_Alloc>::rebind_alloc<_Ty>>::size_type,_Valty &&...)'
C:\Program Files\Microsoft Visual Studio\2022\Community\VC\Tools\MSVC\14.31.31103\include\vector(1644,23): message : error recovery skipped: 'const'
C:\Program Files\Microsoft Visual Studio\2022\Community\VC\Tools\MSVC\14.31.31103\include\vector(1630,23): message : This diagnostic occurred in the compiler generated function 'void std::vector<_Ty,_Alloc>::_Construct_n(const allocator_traits<allocator_traits<_Alloc>::rebind_alloc<_Ty>>::size_type,_Valty &&...)'
C:\Program Files\Microsoft Visual Studio\2022\Community\VC\Tools\MSVC\14.31.31103\include\vector(1645,78): error C2760: syntax error: ';' was unexpected here; expected '}'
C:\Program Files\Microsoft Visual Studio\2022\Community\VC\Tools\MSVC\14.31.31103\include\vector(1630,23): message : This diagnostic occurred in the compiler generated function 'void std::vector<_Ty,_Alloc>::_Construct_n(const allocator_traits<allocator_traits<_Alloc>::rebind_alloc<_Ty>>::size_type,_Valty &&...)'
C:\Program Files\Microsoft Visual Studio\2022\Community\VC\Tools\MSVC\14.31.31103\include\vector(1644,56): error C2760: syntax error: '{' was unexpected here; expected 'expression'
C:\Program Files\Microsoft Visual Studio\2022\Community\VC\Tools\MSVC\14.31.31103\include\vector(1630,23): message : This diagnostic occurred in the compiler generated function 'void std::vector<_Ty,_Alloc>::_Construct_n(const allocator_traits<allocator_traits<_Alloc>::rebind_alloc<_Ty>>::size_type,_Valty &&...)'
C:\Program Files\Microsoft Visual Studio\2022\Community\VC\Tools\MSVC\14.31.31103\include\vector(1646,17): error C3878: syntax error: unexpected token 'identifier' following 'expression'
C:\Program Files\Microsoft Visual Studio\2022\Community\VC\Tools\MSVC\14.31.31103\include\vector(1630,23): message : This diagnostic occurred in the compiler generated function 'void std::vector<_Ty,_Alloc>::_Construct_n(const allocator_traits<allocator_traits<_Alloc>::rebind_alloc<_Ty>>::size_type,_Valty &&...)'
C:\Program Files\Microsoft Visual Studio\2022\Community\VC\Tools\MSVC\14.31.31103\include\vector(1646,17): message : error recovery skipped: 'identifier . identifier  . . . identifier'
C:\Program Files\Microsoft Visual Studio\2022\Community\VC\Tools\MSVC\14.31.31103\include\vector(1630,23): message : This diagnostic occurred in the compiler generated function 'void std::vector<_Ty,_Alloc>::_Construct_n(const allocator_traits<allocator_traits<_Alloc>::rebind_alloc<_Ty>>::size_type,_Valty &&...)'
C:\Program Files\Microsoft Visual Studio\2022\Community\VC\Tools\MSVC\14.31.31103\include\vector(1646,75): error C3878: syntax error: unexpected token ',' following 'condition'
C:\Program Files\Microsoft Visual Studio\2022\Community\VC\Tools\MSVC\14.31.31103\include\vector(1646,75): message : missing one of:  ')' ';' ?
C:\Program Files\Microsoft Visual Studio\2022\Community\VC\Tools\MSVC\14.31.31103\include\vector(1630,23): message : This diagnostic occurred in the compiler generated function 'void std::vector<_Ty,_Alloc>::_Construct_n(const allocator_traits<allocator_traits<_Alloc>::rebind_alloc<_Ty>>::size_type,_Valty &&...)'
C:\Program Files\Microsoft Visual Studio\2022\Community\VC\Tools\MSVC\14.31.31103\include\vector(1646,75): message : error recovery skipped: ', identifier ,  . . . identifier'
C:\Program Files\Microsoft Visual Studio\2022\Community\VC\Tools\MSVC\14.31.31103\include\vector(1630,23): message : This diagnostic occurred in the compiler generated function 'void std::vector<_Ty,_Alloc>::_Construct_n(const allocator_traits<allocator_traits<_Alloc>::rebind_alloc<_Ty>>::size_type,_Valty &&...)'
C:\Program Files\Microsoft Visual Studio\2022\Community\VC\Tools\MSVC\14.31.31103\include\vector(1774,8): error C2760: syntax error: 'const' was unexpected here; expected '('
C:\Program Files\Microsoft Visual Studio\2022\Community\VC\Tools\MSVC\14.31.31103\include\vector(1774,8): error C2760: syntax error: 'const' was unexpected here; expected 'expression'
C:\Program Files\Microsoft Visual Studio\2022\Community\VC\Tools\MSVC\14.31.31103\include\vector(1774,8): message : error recovery skipped: 'const'
C:\Program Files\Microsoft Visual Studio\2022\Community\VC\Tools\MSVC\14.31.31103\include\vector(1775,9): error C2760: syntax error: 'return' was unexpected here; expected '}'
C:\Program Files\Microsoft Visual Studio\2022\Community\VC\Tools\MSVC\14.31.31103\include\vector(1780,1): fatal error C1003: error count exceeds 100; stopping compilation
  Source.cpp
C:\Users\chris\OneDrive\Mathematical Modeling and Computing (MSc)\cpp_programs\Game programming studies\Sutherland\Chapter21\Game.h(17,1): error C2504: 'EventHandler': base class undefined
C:\Users\chris\OneDrive\Mathematical Modeling and Computing (MSc)\cpp_programs\Game programming studies\Sutherland\Chapter21\Game.h(52,38): error C4430: missing type specifier - int assumed. Note: C++ does not support default-int
C:\Users\chris\OneDrive\Mathematical Modeling and Computing (MSc)\cpp_programs\Game programming studies\Sutherland\Chapter21\Game.h(52,38): error C2143: syntax error: missing ',' before '*'
  Generating Code...
